mode: atomic
github.com/KonstantinGasser/required/required.go:35.38,36.23 1 12
github.com/KonstantinGasser/required/required.go:64.2,64.12 1 5
github.com/KonstantinGasser/required/required.go:36.23,37.34 1 12
github.com/KonstantinGasser/required/required.go:40.3,41.44 2 12
github.com/KonstantinGasser/required/required.go:37.34,39.4 1 0
github.com/KonstantinGasser/required/required.go:41.44,44.11 3 31
github.com/KonstantinGasser/required/required.go:47.4,48.35 2 25
github.com/KonstantinGasser/required/required.go:51.4,52.18 2 23
github.com/KonstantinGasser/required/required.go:55.4,56.18 2 23
github.com/KonstantinGasser/required/required.go:59.4,59.57 1 23
github.com/KonstantinGasser/required/required.go:44.11,45.13 1 6
github.com/KonstantinGasser/required/required.go:48.35,50.5 1 2
github.com/KonstantinGasser/required/required.go:52.18,54.5 1 0
github.com/KonstantinGasser/required/required.go:56.18,58.5 1 0
github.com/KonstantinGasser/required/required.go:59.57,61.5 1 5
github.com/KonstantinGasser/required/required.go:67.37,69.23 2 3
github.com/KonstantinGasser/required/required.go:103.2,103.14 1 3
github.com/KonstantinGasser/required/required.go:69.23,71.34 2 3
github.com/KonstantinGasser/required/required.go:75.3,76.44 2 3
github.com/KonstantinGasser/required/required.go:71.34,73.12 2 0
github.com/KonstantinGasser/required/required.go:76.44,79.11 3 9
github.com/KonstantinGasser/required/required.go:82.4,83.35 2 9
github.com/KonstantinGasser/required/required.go:87.4,88.18 2 8
github.com/KonstantinGasser/required/required.go:92.4,93.18 2 8
github.com/KonstantinGasser/required/required.go:97.4,97.57 1 5
github.com/KonstantinGasser/required/required.go:79.11,80.13 1 0
github.com/KonstantinGasser/required/required.go:83.35,85.13 2 1
github.com/KonstantinGasser/required/required.go:88.18,90.13 2 0
github.com/KonstantinGasser/required/required.go:93.18,95.13 2 3
github.com/KonstantinGasser/required/required.go:97.57,99.13 2 2
github.com/KonstantinGasser/required/required_helper.go:12.65,13.15 1 35
github.com/KonstantinGasser/required/required_helper.go:20.2,20.63 1 35
github.com/KonstantinGasser/required/required_helper.go:23.2,23.29 1 34
github.com/KonstantinGasser/required/required_helper.go:47.2,47.12 1 24
github.com/KonstantinGasser/required/required_helper.go:13.15,14.31 1 35
github.com/KonstantinGasser/required/required_helper.go:14.31,16.4 1 0
github.com/KonstantinGasser/required/required_helper.go:20.63,22.3 1 1
github.com/KonstantinGasser/required/required_helper.go:24.52,26.73 2 22
github.com/KonstantinGasser/required/required_helper.go:29.78,31.87 2 7
github.com/KonstantinGasser/required/required_helper.go:34.100,36.89 2 3
github.com/KonstantinGasser/required/required_helper.go:39.40,41.91 2 2
github.com/KonstantinGasser/required/required_helper.go:44.10,45.13 1 0
github.com/KonstantinGasser/required/required_helper.go:26.73,28.4 1 7
github.com/KonstantinGasser/required/required_helper.go:31.87,33.4 1 1
github.com/KonstantinGasser/required/required_helper.go:36.89,38.4 1 1
github.com/KonstantinGasser/required/required_helper.go:41.91,43.4 1 1
github.com/KonstantinGasser/required/required_helper.go:50.40,52.2 1 15
github.com/KonstantinGasser/required/required_helper.go:54.38,55.28 1 34
github.com/KonstantinGasser/required/required_helper.go:58.2,58.20 1 34
github.com/KonstantinGasser/required/required_helper.go:55.28,57.3 1 0
github.com/KonstantinGasser/required/required_helper.go:63.61,65.9 2 62
github.com/KonstantinGasser/required/required_helper.go:69.2,70.16 2 35
github.com/KonstantinGasser/required/required_helper.go:73.2,73.15 1 32
github.com/KonstantinGasser/required/required_helper.go:65.9,67.3 1 27
github.com/KonstantinGasser/required/required_helper.go:70.16,72.3 1 3
github.com/KonstantinGasser/required/required_helper.go:82.58,88.2 1 6
github.com/KonstantinGasser/required/required_helper.go:90.28,91.21 1 0
github.com/KonstantinGasser/required/required_helper.go:96.2,96.34 1 0
github.com/KonstantinGasser/required/required_helper.go:91.21,94.3 2 0
github.com/KonstantinGasser/required/required_helper.go:96.34,97.40 1 0
github.com/KonstantinGasser/required/required_helper.go:97.40,99.4 1 0
