mode: atomic
github.com/KonstantinGasser/required/required.go:43.31,44.49 1 23
github.com/KonstantinGasser/required/required.go:47.2,48.42 2 21
github.com/KonstantinGasser/required/required.go:72.2,72.12 1 7
github.com/KonstantinGasser/required/required.go:44.49,46.3 1 2
github.com/KonstantinGasser/required/required.go:48.42,51.10 3 21
github.com/KonstantinGasser/required/required.go:54.3,55.30 2 21
github.com/KonstantinGasser/required/required.go:58.3,58.23 1 17
github.com/KonstantinGasser/required/required.go:61.3,62.17 2 13
github.com/KonstantinGasser/required/required.go:65.3,65.37 1 10
github.com/KonstantinGasser/required/required.go:68.3,68.28 1 10
github.com/KonstantinGasser/required/required.go:51.10,52.12 1 0
github.com/KonstantinGasser/required/required.go:55.30,57.4 1 4
github.com/KonstantinGasser/required/required.go:58.23,59.12 1 4
github.com/KonstantinGasser/required/required.go:62.17,64.4 1 3
github.com/KonstantinGasser/required/required.go:65.37,66.12 1 0
github.com/KonstantinGasser/required/required.go:68.28,70.4 1 7
github.com/KonstantinGasser/required/required.go:78.40,79.15 1 10
github.com/KonstantinGasser/required/required.go:84.2,84.29 1 10
github.com/KonstantinGasser/required/required.go:113.2,113.13 1 3
github.com/KonstantinGasser/required/required.go:79.15,80.31 1 10
github.com/KonstantinGasser/required/required.go:80.31,82.4 1 0
github.com/KonstantinGasser/required/required.go:85.22,87.83 2 3
github.com/KonstantinGasser/required/required.go:90.78,92.87 2 3
github.com/KonstantinGasser/required/required.go:95.100,97.89 2 0
github.com/KonstantinGasser/required/required.go:100.23,102.91 2 0
github.com/KonstantinGasser/required/required.go:105.36,107.73 2 4
github.com/KonstantinGasser/required/required.go:110.10,111.14 1 0
github.com/KonstantinGasser/required/required.go:87.83,89.4 1 2
github.com/KonstantinGasser/required/required.go:92.87,94.4 1 2
github.com/KonstantinGasser/required/required.go:97.89,99.4 1 0
github.com/KonstantinGasser/required/required.go:102.91,104.4 1 0
github.com/KonstantinGasser/required/required.go:107.73,109.4 1 3
github.com/KonstantinGasser/required/required.go:119.34,120.27 1 18
github.com/KonstantinGasser/required/required.go:133.2,133.59 1 16
github.com/KonstantinGasser/required/required.go:136.2,136.12 1 14
github.com/KonstantinGasser/required/required.go:120.27,123.17 3 33
github.com/KonstantinGasser/required/required.go:126.3,126.39 1 31
github.com/KonstantinGasser/required/required.go:129.3,129.39 1 31
github.com/KonstantinGasser/required/required.go:123.17,125.4 1 2
github.com/KonstantinGasser/required/required.go:126.39,128.4 1 15
github.com/KonstantinGasser/required/required.go:129.39,131.4 1 16
github.com/KonstantinGasser/required/required.go:133.59,135.3 1 2
github.com/KonstantinGasser/required/required.go:139.36,141.2 1 23
github.com/KonstantinGasser/required/required.go:143.38,144.28 1 21
github.com/KonstantinGasser/required/required.go:147.2,147.20 1 21
github.com/KonstantinGasser/required/required.go:144.28,146.3 1 0
